# JRE version: OpenJDK Runtime Environment (8.0_402-b06) (build 1.8.0_402-8u402-ga-2ubuntu1~20.04-b06)
# Java VM: OpenJDK 64-Bit Server VM (25.402-b06 mixed mode linux-aarch64 compressed oops)
Heap:
 PSYoungGen      total 2577408K, used 1212904K [0x0000000615580000, 0x00000006c1300000, 0x00000007c0000000)
  eden space 2386432K, 49% used [0x0000000615580000,0x000000065dc621e8,0x00000006a7000000)
  from space 190976K, 13% used [0x00000006b5880000,0x00000006b7218000,0x00000006c1300000)
  to   space 214528K, 0% used [0x00000006a7000000,0x00000006a7000000,0x00000006b4180000)
 ParOldGen       total 12299264K, used 3473549K [0x00000002c0000000, 0x00000005aeb00000, 0x0000000615580000)
  object space 12299264K, 28% used [0x00000002c0000000,0x0000000394023580,0x00000005aeb00000)
 Metaspace       used 256707K, capacity 261827K, committed 261912K, reserved 1269760K
  class space    used 39654K, capacity 41224K, committed 41240K, reserved 1048576K
GC Heap History (10 events):
Event: 12456.406 GC heap before
{Heap before GC invocations=321 (full 5):
 PSYoungGen      total 2616832K, used 2516800K [0x0000000615580000, 0x00000006c0000000, 0x00000007c0000000)
  eden space 2444800K, 100% used [0x0000000615580000,0x00000006aa900000,0x00000006aa900000)
  from space 172032K, 41% used [0x00000006aa900000,0x00000006aef50020,0x00000006b5100000)
  to   space 165376K, 0% used [0x00000006b5e80000,0x00000006b5e80000,0x00000006c0000000)
 ParOldGen       total 12299264K, used 3373052K [0x00000002c0000000, 0x00000005aeb00000, 0x0000000615580000)
  object space 12299264K, 27% used [0x00000002c0000000,0x000000038ddff1f0,0x00000005aeb00000)
 Metaspace       used 256687K, capacity 261815K, committed 261912K, reserved 1269760K
  class space    used 39653K, capacity 41222K, committed 41240K, reserved 1048576K
Event: 12456.460 GC heap after
Heap after GC invocations=321 (full 5):
 PSYoungGen      total 2636288K, used 67680K [0x0000000615580000, 0x00000006c0000000, 0x00000007c0000000)
  eden space 2470912K, 0% used [0x0000000615580000,0x0000000615580000,0x00000006ac280000)
  from space 165376K, 40% used [0x00000006b5e80000,0x00000006ba098020,0x00000006c0000000)
  to   space 159744K, 0% used [0x00000006ac280000,0x00000006ac280000,0x00000006b5e80000)
 ParOldGen       total 12299264K, used 3373217K [0x00000002c0000000, 0x00000005aeb00000, 0x0000000615580000)
  object space 12299264K, 27% used [0x00000002c0000000,0x000000038de28770,0x00000005aeb00000)
 Metaspace       used 256687K, capacity 261815K, committed 261912K, reserved 1269760K
  class space    used 39653K, capacity 41222K, committed 41240K, reserved 1048576K
}
Event: 12533.699 GC heap before
{Heap before GC invocations=322 (full 5):
 PSYoungGen      total 2636288K, used 2538592K [0x0000000615580000, 0x00000006c0000000, 0x00000007c0000000)
  eden space 2470912K, 100% used [0x0000000615580000,0x00000006ac280000,0x00000006ac280000)
  from space 165376K, 40% used [0x00000006b5e80000,0x00000006ba098020,0x00000006c0000000)
  to   space 159744K, 0% used [0x00000006ac280000,0x00000006ac280000,0x00000006b5e80000)
 ParOldGen       total 12299264K, used 3373217K [0x00000002c0000000, 0x00000005aeb00000, 0x0000000615580000)
  object space 12299264K, 27% used [0x00000002c0000000,0x000000038de28770,0x00000005aeb00000)
 Metaspace       used 256689K, capacity 261815K, committed 261912K, reserved 1269760K
  class space    used 39653K, capacity 41222K, committed 41240K, reserved 1048576K
Event: 12533.849 GC heap after
Heap after GC invocations=322 (full 5):
 PSYoungGen      total 2609152K, used 159744K [0x0000000615580000, 0x00000006c5780000, 0x00000007c0000000)
  eden space 2449408K, 0% used [0x0000000615580000,0x0000000615580000,0x00000006aad80000)
  from space 159744K, 100% used [0x00000006ac280000,0x00000006b5e80000,0x00000006b5e80000)
  to   space 218112K, 0% used [0x00000006b8280000,0x00000006b8280000,0x00000006c5780000)
 ParOldGen       total 12299264K, used 3473181K [0x00000002c0000000, 0x00000005aeb00000, 0x0000000615580000)
  object space 12299264K, 28% used [0x00000002c0000000,0x0000000393fc7580,0x00000005aeb00000)
 Metaspace       used 256689K, capacity 261815K, committed 261912K, reserved 1269760K
  class space    used 39653K, capacity 41222K, committed 41240K, reserved 1048576K
}
Event: 12675.731 GC heap before
{Heap before GC invocations=323 (full 5):
 PSYoungGen      total 2609152K, used 2609152K [0x0000000615580000, 0x00000006c5780000, 0x00000007c0000000)
  eden space 2449408K, 100% used [0x0000000615580000,0x00000006aad80000,0x00000006aad80000)
  from space 159744K, 100% used [0x00000006ac280000,0x00000006b5e80000,0x00000006b5e80000)
  to   space 218112K, 0% used [0x00000006b8280000,0x00000006b8280000,0x00000006c5780000)
 ParOldGen       total 12299264K, used 3473181K [0x00000002c0000000, 0x00000005aeb00000, 0x0000000615580000)
  object space 12299264K, 28% used [0x00000002c0000000,0x0000000393fc7580,0x00000005aeb00000)
 Metaspace       used 256690K, capacity 261815K, committed 261912K, reserved 1269760K
  class space    used 39653K, capacity 41222K, committed 41240K, reserved 1048576K
Event: 12675.771 GC heap after
Heap after GC invocations=323 (full 5):
 PSYoungGen      total 2627584K, used 21280K [0x0000000615580000, 0x00000006c4580000, 0x00000007c0000000)
  eden space 2427904K, 0% used [0x0000000615580000,0x0000000615580000,0x00000006a9880000)
  from space 199680K, 10% used [0x00000006b8280000,0x00000006b9748000,0x00000006c4580000)
  to   space 219648K, 0% used [0x00000006a9880000,0x00000006a9880000,0x00000006b6f00000)
 ParOldGen       total 12299264K, used 3473365K [0x00000002c0000000, 0x00000005aeb00000, 0x0000000615580000)
  object space 12299264K, 28% used [0x00000002c0000000,0x0000000393ff5580,0x00000005aeb00000)
 Metaspace       used 256690K, capacity 261815K, committed 261912K, reserved 1269760K
  class space    used 39653K, capacity 41222K, committed 41240K, reserved 1048576K
}
Event: 12844.768 GC heap before
{Heap before GC invocations=324 (full 5):
 PSYoungGen      total 2627584K, used 2449184K [0x0000000615580000, 0x00000006c4580000, 0x00000007c0000000)
  eden space 2427904K, 100% used [0x0000000615580000,0x00000006a9880000,0x00000006a9880000)
  from space 199680K, 10% used [0x00000006b8280000,0x00000006b9748000,0x00000006c4580000)
  to   space 219648K, 0% used [0x00000006a9880000,0x00000006a9880000,0x00000006b6f00000)
 ParOldGen       total 12299264K, used 3473365K [0x00000002c0000000, 0x00000005aeb00000, 0x0000000615580000)
  object space 12299264K, 28% used [0x00000002c0000000,0x0000000393ff5580,0x00000005aeb00000)
 Metaspace       used 256699K, capacity 261821K, committed 261912K, reserved 1269760K
  class space    used 39653K, capacity 41223K, committed 41240K, reserved 1048576K
Event: 12844.810 GC heap after
Heap after GC invocations=324 (full 5):
 PSYoungGen      total 2434048K, used 27088K [0x0000000615580000, 0x00000006c2d00000, 0x00000007c0000000)
  eden space 2406912K, 0% used [0x0000000615580000,0x0000000615580000,0x00000006a8400000)
  from space 27136K, 99% used [0x00000006a9880000,0x00000006ab2f4010,0x00000006ab300000)
  to   space 217600K, 0% used [0x00000006b5880000,0x00000006b5880000,0x00000006c2d00000)
 ParOldGen       total 12299264K, used 3473365K [0x00000002c0000000, 0x00000005aeb00000, 0x0000000615580000)
  object space 12299264K, 28% used [0x00000002c0000000,0x0000000393ff5580,0x00000005aeb00000)
 Metaspace       used 256699K, capacity 261821K, committed 261912K, reserved 1269760K
  class space    used 39653K, capacity 41223K, committed 41240K, reserved 1048576K
}
Event: 13004.067 GC heap before
{Heap before GC invocations=325 (full 5):
 PSYoungGen      total 2434048K, used 2434000K [0x0000000615580000, 0x00000006c2d00000, 0x00000007c0000000)
  eden space 2406912K, 100% used [0x0000000615580000,0x00000006a8400000,0x00000006a8400000)
  from space 27136K, 99% used [0x00000006a9880000,0x00000006ab2f4010,0x00000006ab300000)
  to   space 217600K, 0% used [0x00000006b5880000,0x00000006b5880000,0x00000006c2d00000)
 ParOldGen       total 12299264K, used 3473365K [0x00000002c0000000, 0x00000005aeb00000, 0x0000000615580000)
  object space 12299264K, 28% used [0x00000002c0000000,0x0000000393ff5580,0x00000005aeb00000)
 Metaspace       used 256707K, capacity 261827K, committed 261912K, reserved 1269760K
  class space    used 39654K, capacity 41224K, committed 41240K, reserved 1048576K
Event: 13004.109 GC heap after
Heap after GC invocations=325 (full 5):
 PSYoungGen      total 2577408K, used 26208K [0x0000000615580000, 0x00000006c1300000, 0x00000007c0000000)
  eden space 2386432K, 0% used [0x0000000615580000,0x0000000615580000,0x00000006a7000000)
  from space 190976K, 13% used [0x00000006b5880000,0x00000006b7218000,0x00000006c1300000)
  to   space 214528K, 0% used [0x00000006a7000000,0x00000006a7000000,0x00000006b4180000)
 ParOldGen       total 12299264K, used 3473549K [0x00000002c0000000, 0x00000005aeb00000, 0x0000000615580000)
  object space 12299264K, 28% used [0x00000002c0000000,0x0000000394023580,0x00000005aeb00000)
 Metaspace       used 256707K, capacity 261827K, committed 261912K, reserved 1269760K
  class space    used 39654K, capacity 41224K, committed 41240K, reserved 1048576K
}

